Case #1:
OI/OOOOOOOOOOOOOOOOOOOOOOOOOOOOOOOOOOOOOOOOOOOOOO
Case #2:
OOOOOOOOOOOOOOOOOOOOOOOOOOOOOOOOOOOOOOOOOOOOOOOOO
Case #3:
OI/OOI/OOI/OOOOOOOOOOOOOOOOOOOOOOOOOOOOOOOOOOOOOO
Case #4:
OI/OOI/OOI/OOI/OOI/OOI/OOI/OOI/OOOOOOOOOOOOOOOOOO
Case #5:
OI/OOI/OOI/OOI/OOI/OOI/OOI/OOI/OOI/OOI/OOI/OOI/OO
OOOOOOOOOOOOOOOOOOOOOOOOOOOOOOOOOOOOOOOOOOOOOOOOO
OI/OI/OOI/OOI/OOI/OOI/OOI/OOI/OOI/OOI/OOI/OOI/OOO
OOOOOOOOOOOOOOOOOOOOOOOOOOOOOOOOOOOOOOOOOOOOOOOOO
OI/OI/OOI/OOI/OOI/OOI/OOI/OOI/OOI/OOI/OOI/OOI/OOO
OOOOOOOOOOOOOOOOOOOOOOOOOOOOOOOOOOOOOOOOOOOOOOOOO
OI/OI/OOI/OOI/OOI/OOI/OOI/OOI/OOI/OOI/OOI/OOI/OOO
OOOOOOOOOOOOOOOOOOOOOOOOOOOOOOOOOOOOOOOOOOOOOOOOO
OI/OI/OOI/OOI/OOI/OOI/OOI/OOI/OOI/OOI/OOI/OOI/OOO
OOOOOOOOOOOOOOOOOOOOOOOOOOOOOOOOOOOOOOOOOOOOOOOOO
OI/OI/OOI/OOI/OOI/OOI/OOI/OOI/OOI/OOI/OOI/OOI/OOO
OOOOOOOOOOOOOOOOOOOOOOOOOOOOOOOOOOOOOOOOOOOOOOOOO
OI/OI/OOI/OOI/OOI/OOI/OOI/OOI/OOI/OOI/OOI/OOI/OOO
OOOOOOOOOOOOOOOOOOOOOOOOOOOOOOOOOOOOOOOOOOOOOOOOO
OI/OI/OOI/OOI/OOI/OOI/OOI/OOI/OOI/OOI/OOI/OOI/OOO
OOOOOOOOOOOOOOOOOOOOOOOOOOOOOOOOOOOOOOOOOOOOOOOOO
OI/OI/OOI/OOI/OOI/OOI/OOI/OOI/OOI/OOI/OOI/OOI/OOO
OOOOOOOOOOOOOOOOOOOOOOOOOOOOOOOOOOOOOOOOOOOOOOOOO
OI/OI/OOI/OOI/OOI/OOI/OOI/OOI/OOI/OOI/OOI/OOI/OOO
OOOOOOOOOOOOOOOOOOOOOOOOOOOOOOOOOOOOOOOOOOOOOOOOO
OI/OI/OOI/OOI/OOI/OOI/OOI/OOI/OOI/OOI/OOI/OOOOOOO
Case #6:
OI/OOI/OOI/OOI/OOI/OOI/OOI/OOI/OOI/OOI/OOI/OOI/OO
OOOOOOOOOOOOOOOOOOOOOOOOOOOOOOOOOOOOOOOOOOOOOOOOO
OI/OI/OOI/OOI/OOI/OOI/OOI/OOI/OOI/OOI/OOI/OOI/OOO
OOOOOOOOOOOOOOOOOOOOOOOOOOOOOOOOOOOOOOOOOOOOOOOOO
OI/OI/OOI/OOI/OOI/OOI/OOI/OOI/OOI/OOI/OOI/OOI/OOO
OOOOOOOOOOOOOOOOOOOOOOOOOOOOOOOOOOOOOOOOOOOOOOOOO
OI/OI/OOI/OOI/OOI/OOI/OOI/OOI/OOI/OOI/OOI/OOI/OOO
OOOOOOOOOOOOOOOOOOOOOOOOOOOOOOOOOOOOOOOOOOOOOOOOO
OI/OI/OOI/OOI/OOI/OOI/OOI/OOI/OOI/OOI/OOI/OOI/OOO
OOOOOOOOOOOOOOOOOOOOOOOOOOOOOOOOOOOOOOOOOOOOOOOOO
OI/OI/OOI/OOI/OOI/OOI/OOI/OOI/OOI/OOI/OOI/OOI/OOO
OOOOOOOOOOOOOOOOOOOOOOOOOOOOOOOOOOOOOOOOOOOOOOOOO
OI/OI/OOI/OOI/OOI/OOI/OOI/OOI/OOI/OOI/OOI/OOI/OOO
OOOOOOOOOOOOOOOOOOOOOOOOOOOOOOOOOOOOOOOOOOOOOOOOO
OI/OI/OOI/OOI/OOI/OOI/OOI/OOI/OOI/OOI/OOI/OOI/OOO
OOOOOOOOOOOOOOOOOOOOOOOOOOOOOOOOOOOOOOOOOOOOOOOOO
OI/OI/OOI/OOI/OOI/OOI/OOI/OOI/OOI/OOI/OOI/OOI/OOO
OOOOOOOOOOOOOOOOOOOOOOOOOOOOOOOOOOOOOOOOOOOOOOOOO
OI/OI/OOI/OOI/OOI/OOI/OOI/OOI/OOI/OOI/OOI/OOI/OOO
OOOOOOOOOOOOOOOOOOOOOOOOOOOOOOOOOOOOOOOOOOOOOOOOO
OI/OI/OOI/OOI/OOI/OOI/OOI/OOI/OOI/OOI/OOI/OOI/OOO
OOOOOOOOOOOOOOOOOOOOOOOOOOOOOOOOOOOOOOOOOOOOOOOOO
OI/OI/OOI/OOI/OOI/OOI/OOI/OOI/OOI/OOI/OOI/OOI/OOO
OOOOOOOOOOOOOOOOOOOOOOOOOOOOOOOOOOOOOOOOOOOOOOOOO
OI/OI/OOI/OOI/OOI/OOI/OOI/OOI/OOI/OOI/OOI/OOI/OOO
OOOOOOOOOOOOOOOOOOOOOOOOOOOOOOOOOOOOOOOOOOOOOOOOO
OI/OI/OOI/OOI/OOI/OOI/OOI/OOI/OOI/OOI/OOI/OOI/OOO
OOOOOOOOOOOOOOOOOOOOOOOOOOOOOOOOOOOOOOOOOOOOOOOOO
OI/OI/OOI/OOI/OOI/OOI/OOI/OOI/OOI/OOI/OOI/OOI/OOO
OOOOOOOOOOOOOOOOOOOOOOOOOOOOOOOOOOOOOOOOOOOOOOOOO
OI/OI/OOI/OOI/OOI/OOI/OOI/OOI/OOI/OOI/OOI/OOI/OOO
OOOOOOOOOOOOOOOOOOOOOOOOOOOOOOOOOOOOOOOOOOOOOOOOO
OI/OI/OOI/OOI/OOI/OOI/OOI/OOI/OOI/OOI/OOI/OOI/OOO
OOOOOOOOOOOOOOOOOOOOOOOOOOOOOOOOOOOOOOOOOOOOOOOOO
OI/OI/OOI/OOI/OOI/OOI/OOI/OOI/OOI/OOI/OOI/OOI/OOO
OOOOOOOOOOOOOOOOOOOOOOOOOOOOOOOOOOOOOOOOOOOOOOOOO
OI/OI/OOI/OOI/OOI/OOI/OOI/OOI/OOI/OOI/OOI/OOI/OOO
OOOOOOOOOOOOOOOOOOOOOOOOOOOOOOOOOOOOOOOOOOOOOOOOO
OI/OI/OOI/OOI/OOI/OOI/OOI/OOI/OOI/OOI/OOI/OOI/OOO
OOOOOOOOOOOOOOOOOOOOOOOOOOOOOOOOOOOOOOOOOOOOOOOOO
OI/OI/OOI/OOI/OOI/OOOOOOOOOOOOOOOOOOOOOOOOOOOOOOO
Case #7:
OI/OOI/OOI/OOI/OOI/OOI/OOI/OOI/OOI/OOI/OOI/OOI/OO
OOOOOOOOOOOOOOOOOOOOOOOOOOOOOOOOOOOOOOOOOOOOOOOOO
OI/OI/OOI/OOI/OOI/OOI/OOI/OOI/OOI/OOI/OOI/OOI/OOO
OOOOOOOOOOOOOOOOOOOOOOOOOOOOOOOOOOOOOOOOOOOOOOOOO
OI/OI/OOI/OOI/OOI/OOI/OOI/OOI/OOI/OOI/OOI/OOI/OOO
OOOOOOOOOOOOOOOOOOOOOOOOOOOOOOOOOOOOOOOOOOOOOOOOO
OI/OI/OOI/OOI/OOI/OOI/OOI/OOI/OOI/OOI/OOI/OOI/OOO
OOOOOOOOOOOOOOOOOOOOOOOOOOOOOOOOOOOOOOOOOOOOOOOOO
OI/OI/OOI/OOI/OOI/OOI/OOI/OOI/OOI/OOI/OOI/OOI/OOO
OOOOOOOOOOOOOOOOOOOOOOOOOOOOOOOOOOOOOOOOOOOOOOOOO
OI/OI/OOI/OOI/OOI/OOI/OOI/OOI/OOI/OOI/OOI/OOI/OOO
OOOOOOOOOOOOOOOOOOOOOOOOOOOOOOOOOOOOOOOOOOOOOOOOO
OI/OI/OOI/OOOOOOOOOOOOOOOOOOOOOOOOOOOOOOOOOOOOOOO
Case #8:
OI/OOI/OOI/OOI/OOI/OOI/OOI/OOI/OOI/OOI/OOI/OOI/OO
OOOOOOOOOOOOOOOOOOOOOOOOOOOOOOOOOOOOOOOOOOOOOOOOO
OI/OI/OOI/OOI/OOI/OOI/OOI/OOI/OOI/OOI/OOI/OOI/OOO
OOOOOOOOOOOOOOOOOOOOOOOOOOOOOOOOOOOOOOOOOOOOOOOOO
OI/OI/OOI/OOI/OOI/OOI/OOI/OOI/OOI/OOI/OOI/OOI/OOO
OOOOOOOOOOOOOOOOOOOOOOOOOOOOOOOOOOOOOOOOOOOOOOOOO
OI/OI/OOI/OOI/OOI/OOI/OOI/OOI/OOI/OOI/OOI/OOI/OOO
OOOOOOOOOOOOOOOOOOOOOOOOOOOOOOOOOOOOOOOOOOOOOOOOO
OI/OI/OOI/OOI/OOI/OOI/OOI/OOI/OOI/OOI/OOI/OOI/OOO
OOOOOOOOOOOOOOOOOOOOOOOOOOOOOOOOOOOOOOOOOOOOOOOOO
OI/OI/OOI/OOI/OOI/OOI/OOI/OOI/OOI/OOI/OOI/OOI/OOO
OOOOOOOOOOOOOOOOOOOOOOOOOOOOOOOOOOOOOOOOOOOOOOOOO
OI/OI/OOI/OOI/OOI/OOI/OOI/OOI/OOI/OOI/OOI/OOI/OOO
OOOOOOOOOOOOOOOOOOOOOOOOOOOOOOOOOOOOOOOOOOOOOOOOO
OI/OI/OOI/OOI/OOI/OOI/OOI/OOI/OOI/OOI/OOI/OOI/OOO
OOOOOOOOOOOOOOOOOOOOOOOOOOOOOOOOOOOOOOOOOOOOOOOOO
OI/OI/OOI/OOI/OOI/OOI/OOI/OOI/OOI/OOI/OOI/OOI/OOO
OOOOOOOOOOOOOOOOOOOOOOOOOOOOOOOOOOOOOOOOOOOOOOOOO
OI/OI/OOI/OOI/OOI/OOI/OOI/OOI/OOI/OOI/OOI/OOOOOOO
Case #9:
OI/OOI/OOI/OOI/OOI/OOI/OOI/OOI/OOI/OOI/OOI/OOI/OO
OOOOOOOOOOOOOOOOOOOOOOOOOOOOOOOOOOOOOOOOOOOOOOOOO
OI/OI/OOI/OOI/OOI/OOI/OOI/OOI/OOI/OOI/OOI/OOI/OOO
OOOOOOOOOOOOOOOOOOOOOOOOOOOOOOOOOOOOOOOOOOOOOOOOO
OI/OI/OOI/OOI/OOI/OOI/OOI/OOI/OOI/OOI/OOI/OOI/OOO
OOOOOOOOOOOOOOOOOOOOOOOOOOOOOOOOOOOOOOOOOOOOOOOOO
OI/OI/OOI/OOI/OOI/OOI/OOI/OOI/OOI/OOI/OOI/OOI/OOO
OOOOOOOOOOOOOOOOOOOOOOOOOOOOOOOOOOOOOOOOOOOOOOOOO
OI/OI/OOI/OOI/OOI/OOI/OOI/OOI/OOI/OOI/OOI/OOI/OOO
OOOOOOOOOOOOOOOOOOOOOOOOOOOOOOOOOOOOOOOOOOOOOOOOO
OI/OI/OOI/OOI/OOI/OOI/OOI/OOI/OOI/OOI/OOI/OOI/OOO
OOOOOOOOOOOOOOOOOOOOOOOOOOOOOOOOOOOOOOOOOOOOOOOOO
OI/OI/OOI/OOI/OOI/OOI/OOI/OOI/OOI/OOI/OOI/OOI/OOO
OOOOOOOOOOOOOOOOOOOOOOOOOOOOOOOOOOOOOOOOOOOOOOOOO
OI/OI/OOI/OOI/OOI/OOI/OOI/OOI/OOI/OOI/OOI/OOI/OOO
OOOOOOOOOOOOOOOOOOOOOOOOOOOOOOOOOOOOOOOOOOOOOOOOO
OI/OI/OOI/OOI/OOI/OOI/OOI/OOI/OOI/OOI/OOI/OOI/OOO
OOOOOOOOOOOOOOOOOOOOOOOOOOOOOOOOOOOOOOOOOOOOOOOOO
OI/OI/OOI/OOI/OOI/OOI/OOI/OOI/OOI/OOI/OOI/OOI/OOO
OOOOOOOOOOOOOOOOOOOOOOOOOOOOOOOOOOOOOOOOOOOOOOOOO
OI/OI/OOI/OOI/OOI/OOI/OOI/OOI/OOI/OOI/OOI/OOI/OOO
OOOOOOOOOOOOOOOOOOOOOOOOOOOOOOOOOOOOOOOOOOOOOOOOO
OI/OI/OOI/OOI/OOI/OOI/OOI/OOI/OOI/OOI/OOI/OOI/OOO
OOOOOOOOOOOOOOOOOOOOOOOOOOOOOOOOOOOOOOOOOOOOOOOOO
OI/OI/OOI/OOI/OOI/OOI/OOI/OOI/OOI/OOI/OOI/OOI/OOO
Case #10:
OI/OOI/OOI/OOI/OOI/OOI/OOI/OOI/OOI/OOI/OOI/OOI/OO
OOOOOOOOOOOOOOOOOOOOOOOOOOOOOOOOOOOOOOOOOOOOOOOOO
OI/OI/OOI/OOI/OOI/OOI/OOI/OOI/OOI/OOI/OOI/OOI/OOO
OOOOOOOOOOOOOOOOOOOOOOOOOOOOOOOOOOOOOOOOOOOOOOOOO
OI/OI/OOI/OOI/OOI/OOI/OOI/OOI/OOI/OOI/OOI/OOI/OOO
OOOOOOOOOOOOOOOOOOOOOOOOOOOOOOOOOOOOOOOOOOOOOOOOO
OI/OI/OOI/OOI/OOI/OOI/OOI/OOI/OOI/OOI/OOI/OOI/OOO
OOOOOOOOOOOOOOOOOOOOOOOOOOOOOOOOOOOOOOOOOOOOOOOOO
OI/OI/OOI/OOI/OOI/OOI/OOI/OOI/OOI/OOI/OOI/OOI/OOO
OOOOOOOOOOOOOOOOOOOOOOOOOOOOOOOOOOOOOOOOOOOOOOOOO
OI/OOOOOOOOOOOOOOOOOOOOOOOOOOOOOOOOOOOOOOOOOOOOOO
Case #11:
OI/OOI/OOI/OOI/OOI/OOI/OOI/OOI/OOI/OOI/OOI/OOI/OO
OOOOOOOOOOOOOOOOOOOOOOOOOOOOOOOOOOOOOOOOOOOOOOOOO
OI/OI/OOI/OOI/OOI/OOI/OOI/OOI/OOI/OOI/OOI/OOI/OOO
OOOOOOOOOOOOOOOOOOOOOOOOOOOOOOOOOOOOOOOOOOOOOOOOO
OI/OI/OOI/OOI/OOI/OOI/OOI/OOI/OOI/OOI/OOI/OOI/OOO
OOOOOOOOOOOOOOOOOOOOOOOOOOOOOOOOOOOOOOOOOOOOOOOOO
OI/OI/OOI/OOI/OOI/OOI/OOI/OOI/OOI/OOI/OOI/OOI/OOO
OOOOOOOOOOOOOOOOOOOOOOOOOOOOOOOOOOOOOOOOOOOOOOOOO
OI/OI/OOI/OOI/OOI/OOI/OOI/OOI/OOI/OOI/OOI/OOI/OOO
OOOOOOOOOOOOOOOOOOOOOOOOOOOOOOOOOOOOOOOOOOOOOOOOO
OI/OI/OOI/OOI/OOI/OOI/OOI/OOI/OOI/OOI/OOI/OOI/OOO
OOOOOOOOOOOOOOOOOOOOOOOOOOOOOOOOOOOOOOOOOOOOOOOOO
OI/OI/OOI/OOI/OOI/OOI/OOI/OOI/OOI/OOI/OOI/OOI/OOO
OOOOOOOOOOOOOOOOOOOOOOOOOOOOOOOOOOOOOOOOOOOOOOOOO
OI/OI/OOI/OOI/OOI/OOI/OOI/OOI/OOI/OOI/OOI/OOI/OOO
OOOOOOOOOOOOOOOOOOOOOOOOOOOOOOOOOOOOOOOOOOOOOOOOO
OI/OI/OOI/OOI/OOI/OOI/OOI/OOI/OOI/OOI/OOI/OOI/OOO
OOOOOOOOOOOOOOOOOOOOOOOOOOOOOOOOOOOOOOOOOOOOOOOOO
OI/OI/OOI/OOI/OOI/OOI/OOI/OOI/OOI/OOI/OOI/OOI/OOO
OOOOOOOOOOOOOOOOOOOOOOOOOOOOOOOOOOOOOOOOOOOOOOOOO
OI/OI/OOI/OOI/OOI/OOI/OOI/OOI/OOI/OOI/OOI/OOI/OOO
OOOOOOOOOOOOOOOOOOOOOOOOOOOOOOOOOOOOOOOOOOOOOOOOO
OI/OI/OOI/OOI/OOI/OOI/OOI/OOI/OOI/OOI/OOI/OOI/OOO
OOOOOOOOOOOOOOOOOOOOOOOOOOOOOOOOOOOOOOOOOOOOOOOOO
OI/OI/OOI/OOI/OOI/OOI/OOI/OOI/OOI/OOI/OOI/OOI/OOO
OOOOOOOOOOOOOOOOOOOOOOOOOOOOOOOOOOOOOOOOOOOOOOOOO
OI/OI/OOI/OOI/OOI/OOI/OOI/OOI/OOI/OOI/OOI/OOI/OOO
OOOOOOOOOOOOOOOOOOOOOOOOOOOOOOOOOOOOOOOOOOOOOOOOO
OI/OI/OOI/OOI/OOI/OOI/OOI/OOI/OOI/OOI/OOI/OOI/OOO
OOOOOOOOOOOOOOOOOOOOOOOOOOOOOOOOOOOOOOOOOOOOOOOOO
OI/OI/OOI/OOI/OOI/OOI/OOI/OOI/OOI/OOI/OOI/OOI/OOO
OOOOOOOOOOOOOOOOOOOOOOOOOOOOOOOOOOOOOOOOOOOOOOOOO
OI/OI/OOI/OOI/OOI/OOI/OOI/OOI/OOI/OOI/OOI/OOI/OOO
OOOOOOOOOOOOOOOOOOOOOOOOOOOOOOOOOOOOOOOOOOOOOOOOO
OI/OI/OOI/OOI/OOI/OOI/OOI/OOI/OOI/OOI/OOI/OOI/OOO
OOOOOOOOOOOOOOOOOOOOOOOOOOOOOOOOOOOOOOOOOOOOOOOOO
OI/OI/OOI/OOI/OOI/OOI/OOI/OOI/OOI/OOI/OOI/OOI/OOO
OOOOOOOOOOOOOOOOOOOOOOOOOOOOOOOOOOOOOOOOOOOOOOOOO
OI/OI/OOI/OOI/OOI/OOI/OOI/OOI/OOI/OOI/OOI/OOI/OOO
OOOOOOOOOOOOOOOOOOOOOOOOOOOOOOOOOOOOOOOOOOOOOOOOO
OI/OI/OOI/OOI/OOI/OOI/OOI/OOI/OOI/OOI/OOI/OOI/OOO
OOOOOOOOOOOOOOOOOOOOOOOOOOOOOOOOOOOOOOOOOOOOOOOOO
OI/OI/OOI/OOI/OOI/OOI/OOI/OOI/OOI/OOI/OOI/OOI/OOO
OOOOOOOOOOOOOOOOOOOOOOOOOOOOOOOOOOOOOOOOOOOOOOOOO
OI/OI/OOI/OOI/OOI/OOI/OOI/OOI/OOI/OOI/OOI/OOI/OOO
OOOOOOOOOOOOOOOOOOOOOOOOOOOOOOOOOOOOOOOOOOOOOOOOO
OI/OI/OOI/OOI/OOI/OOI/OOI/OOOOOOOOOOOOOOOOOOOOOOO
Case #12:
OI/OOI/OOI/OOI/OOOOOOOOOOOOOOOOOOOOOOOOOOOOOOOOOO
Case #13:
OI/OOI/OOI/OOI/OOI/OOI/OOI/OOI/OOI/OOI/OOI/OOI/OO
OOOOOOOOOOOOOOOOOOOOOOOOOOOOOOOOOOOOOOOOOOOOOOOOO
OI/OI/OOI/OOI/OOI/OOI/OOI/OOI/OOI/OOI/OOI/OOI/OOO
OOOOOOOOOOOOOOOOOOOOOOOOOOOOOOOOOOOOOOOOOOOOOOOOO
OI/OI/OOI/OOI/OOI/OOI/OOI/OOI/OOI/OOI/OOI/OOI/OOO
OOOOOOOOOOOOOOOOOOOOOOOOOOOOOOOOOOOOOOOOOOOOOOOOO
OI/OI/OOI/OOI/OOI/OOI/OOI/OOI/OOI/OOI/OOI/OOI/OOO
OOOOOOOOOOOOOOOOOOOOOOOOOOOOOOOOOOOOOOOOOOOOOOOOO
OI/OI/OOI/OOI/OOI/OOI/OOI/OOI/OOI/OOI/OOI/OOI/OOO
OOOOOOOOOOOOOOOOOOOOOOOOOOOOOOOOOOOOOOOOOOOOOOOOO
OI/OI/OOI/OOI/OOI/OOI/OOI/OOI/OOI/OOI/OOI/OOI/OOO
OOOOOOOOOOOOOOOOOOOOOOOOOOOOOOOOOOOOOOOOOOOOOOOOO
OI/OI/OOI/OOI/OOI/OOI/OOI/OOI/OOI/OOI/OOI/OOI/OOO
OOOOOOOOOOOOOOOOOOOOOOOOOOOOOOOOOOOOOOOOOOOOOOOOO
OI/OI/OOI/OOI/OOI/OOI/OOI/OOI/OOI/OOI/OOI/OOI/OOO
OOOOOOOOOOOOOOOOOOOOOOOOOOOOOOOOOOOOOOOOOOOOOOOOO
OI/OI/OOI/OOI/OOI/OOI/OOI/OOI/OOI/OOI/OOI/OOI/OOO
OOOOOOOOOOOOOOOOOOOOOOOOOOOOOOOOOOOOOOOOOOOOOOOOO
OI/OI/OOI/OOI/OOI/OOI/OOI/OOI/OOI/OOI/OOI/OOI/OOO
OOOOOOOOOOOOOOOOOOOOOOOOOOOOOOOOOOOOOOOOOOOOOOOOO
OI/OI/OOI/OOI/OOI/OOI/OOI/OOI/OOI/OOI/OOI/OOI/OOO
OOOOOOOOOOOOOOOOOOOOOOOOOOOOOOOOOOOOOOOOOOOOOOOOO
OI/OI/OOI/OOI/OOI/OOI/OOI/OOI/OOI/OOI/OOI/OOI/OOO
OOOOOOOOOOOOOOOOOOOOOOOOOOOOOOOOOOOOOOOOOOOOOOOOO
OI/OI/OOI/OOI/OOI/OOI/OOI/OOI/OOI/OOI/OOI/OOI/OOO
OOOOOOOOOOOOOOOOOOOOOOOOOOOOOOOOOOOOOOOOOOOOOOOOO
OI/OI/OOI/OOI/OOI/OOI/OOI/OOI/OOI/OOI/OOI/OOI/OOO
OOOOOOOOOOOOOOOOOOOOOOOOOOOOOOOOOOOOOOOOOOOOOOOOO
OI/OI/OOI/OOI/OOI/OOI/OOI/OOI/OOI/OOI/OOI/OOI/OOO
OOOOOOOOOOOOOOOOOOOOOOOOOOOOOOOOOOOOOOOOOOOOOOOOO
OI/OI/OOI/OOI/OOI/OOI/OOI/OOI/OOI/OOI/OOI/OOI/OOO
OOOOOOOOOOOOOOOOOOOOOOOOOOOOOOOOOOOOOOOOOOOOOOOOO
OI/OI/OOI/OOI/OOI/OOI/OOI/OOI/OOI/OOI/OOI/OOI/OOO
OOOOOOOOOOOOOOOOOOOOOOOOOOOOOOOOOOOOOOOOOOOOOOOOO
OI/OI/OOI/OOI/OOI/OOI/OOI/OOI/OOI/OOI/OOI/OOI/OOO
OOOOOOOOOOOOOOOOOOOOOOOOOOOOOOOOOOOOOOOOOOOOOOOOO
OI/OI/OOI/OOI/OOI/OOI/OOI/OOI/OOI/OOI/OOI/OOI/OOO
OOOOOOOOOOOOOOOOOOOOOOOOOOOOOOOOOOOOOOOOOOOOOOOOO
OI/OI/OOI/OOI/OOI/OOI/OOI/OOI/OOI/OOI/OOI/OOI/OOO
OOOOOOOOOOOOOOOOOOOOOOOOOOOOOOOOOOOOOOOOOOOOOOOOO
OI/OI/OOI/OOI/OOI/OOI/OOI/OOI/OOI/OOI/OOI/OOI/OOO
OOOOOOOOOOOOOOOOOOOOOOOOOOOOOOOOOOOOOOOOOOOOOOOOO
OI/OI/OOI/OOI/OOI/OOI/OOI/OOI/OOI/OOI/OOI/OOI/OOO
OOOOOOOOOOOOOOOOOOOOOOOOOOOOOOOOOOOOOOOOOOOOOOOOO
OI/OI/OOI/OOI/OOI/OOI/OOI/OOI/OOI/OOI/OOI/OOI/OOO
OOOOOOOOOOOOOOOOOOOOOOOOOOOOOOOOOOOOOOOOOOOOOOOOO
OI/OI/OOI/OOI/OOI/OOI/OOI/OOI/OOOOOOOOOOOOOOOOOOO
Case #14:
OI/OOI/OOI/OOI/OOI/OOI/OOI/OOI/OOI/OOI/OOI/OOI/OO
OOOOOOOOOOOOOOOOOOOOOOOOOOOOOOOOOOOOOOOOOOOOOOOOO
OI/OI/OOI/OOI/OOI/OOI/OOI/OOI/OOI/OOI/OOI/OOI/OOO
OOOOOOOOOOOOOOOOOOOOOOOOOOOOOOOOOOOOOOOOOOOOOOOOO
OI/OI/OOI/OOI/OOI/OOI/OOI/OOI/OOI/OOI/OOI/OOI/OOO
OOOOOOOOOOOOOOOOOOOOOOOOOOOOOOOOOOOOOOOOOOOOOOOOO
OI/OI/OOI/OOI/OOI/OOI/OOI/OOI/OOI/OOI/OOI/OOI/OOO
OOOOOOOOOOOOOOOOOOOOOOOOOOOOOOOOOOOOOOOOOOOOOOOOO
OI/OI/OOI/OOOOOOOOOOOOOOOOOOOOOOOOOOOOOOOOOOOOOOO
Case #15:
OI/OOI/OOI/OOI/OOI/OOI/OOI/OOI/OOI/OOI/OOI/OOI/OO
OOOOOOOOOOOOOOOOOOOOOOOOOOOOOOOOOOOOOOOOOOOOOOOOO
OI/OI/OOI/OOI/OOI/OOI/OOI/OOI/OOI/OOI/OOI/OOI/OOO
OOOOOOOOOOOOOOOOOOOOOOOOOOOOOOOOOOOOOOOOOOOOOOOOO
OI/OI/OOI/OOI/OOI/OOI/OOI/OOI/OOI/OOI/OOI/OOI/OOO
OOOOOOOOOOOOOOOOOOOOOOOOOOOOOOOOOOOOOOOOOOOOOOOOO
OI/OI/OOI/OOI/OOI/OOI/OOI/OOI/OOI/OOI/OOI/OOI/OOO
OOOOOOOOOOOOOOOOOOOOOOOOOOOOOOOOOOOOOOOOOOOOOOOOO
OI/OI/OOI/OOI/OOI/OOI/OOI/OOI/OOI/OOI/OOI/OOI/OOO
OOOOOOOOOOOOOOOOOOOOOOOOOOOOOOOOOOOOOOOOOOOOOOOOO
OI/OI/OOI/OOI/OOI/OOI/OOI/OOI/OOI/OOI/OOI/OOI/OOO
OOOOOOOOOOOOOOOOOOOOOOOOOOOOOOOOOOOOOOOOOOOOOOOOO
OI/OI/OOI/OOI/OOI/OOI/OOI/OOI/OOI/OOI/OOI/OOI/OOO
OOOOOOOOOOOOOOOOOOOOOOOOOOOOOOOOOOOOOOOOOOOOOOOOO
OI/OI/OOI/OOI/OOI/OOI/OOI/OOI/OOI/OOI/OOI/OOI/OOO
OOOOOOOOOOOOOOOOOOOOOOOOOOOOOOOOOOOOOOOOOOOOOOOOO
OI/OI/OOI/OOI/OOI/OOI/OOI/OOI/OOI/OOI/OOI/OOI/OOO
OOOOOOOOOOOOOOOOOOOOOOOOOOOOOOOOOOOOOOOOOOOOOOOOO
OI/OI/OOI/OOI/OOI/OOI/OOI/OOI/OOI/OOI/OOI/OOI/OOO
OOOOOOOOOOOOOOOOOOOOOOOOOOOOOOOOOOOOOOOOOOOOOOOOO
OI/OI/OOI/OOI/OOI/OOI/OOI/OOI/OOI/OOI/OOI/OOI/OOO
OOOOOOOOOOOOOOOOOOOOOOOOOOOOOOOOOOOOOOOOOOOOOOOOO
OI/OI/OOI/OOI/OOI/OOI/OOI/OOI/OOI/OOI/OOI/OOI/OOO
OOOOOOOOOOOOOOOOOOOOOOOOOOOOOOOOOOOOOOOOOOOOOOOOO
OI/OI/OOI/OOI/OOI/OOI/OOI/OOI/OOI/OOI/OOI/OOI/OOO
OOOOOOOOOOOOOOOOOOOOOOOOOOOOOOOOOOOOOOOOOOOOOOOOO
OI/OI/OOI/OOI/OOI/OOI/OOI/OOI/OOI/OOI/OOI/OOI/OOO
OOOOOOOOOOOOOOOOOOOOOOOOOOOOOOOOOOOOOOOOOOOOOOOOO
OI/OI/OOI/OOI/OOI/OOI/OOI/OOI/OOI/OOI/OOI/OOI/OOO
OOOOOOOOOOOOOOOOOOOOOOOOOOOOOOOOOOOOOOOOOOOOOOOOO
OI/OI/OOI/OOI/OOI/OOI/OOI/OOI/OOI/OOI/OOI/OOI/OOO
OOOOOOOOOOOOOOOOOOOOOOOOOOOOOOOOOOOOOOOOOOOOOOOOO
OI/OI/OOI/OOI/OOI/OOI/OOI/OOI/OOI/OOI/OOI/OOI/OOO
OOOOOOOOOOOOOOOOOOOOOOOOOOOOOOOOOOOOOOOOOOOOOOOOO
OI/OI/OOI/OOI/OOI/OOI/OOI/OOI/OOI/OOI/OOI/OOI/OOO
OOOOOOOOOOOOOOOOOOOOOOOOOOOOOOOOOOOOOOOOOOOOOOOOO
OI/OI/OOI/OOI/OOI/OOI/OOI/OOI/OOI/OOI/OOI/OOI/OOO
OOOOOOOOOOOOOOOOOOOOOOOOOOOOOOOOOOOOOOOOOOOOOOOOO
OI/OI/OOI/OOI/OOI/OOI/OOI/OOI/OOI/OOI/OOI/OOI/OOO
OOOOOOOOOOOOOOOOOOOOOOOOOOOOOOOOOOOOOOOOOOOOOOOOO
OI/OI/OOI/OOI/OOI/OOI/OOI/OOI/OOI/OOI/OOI/OOI/OOO
OOOOOOOOOOOOOOOOOOOOOOOOOOOOOOOOOOOOOOOOOOOOOOOOO
OI/OI/OOI/OOI/OOI/OOI/OOI/OOI/OOI/OOI/OOI/OOI/OOO
OOOOOOOOOOOOOOOOOOOOOOOOOOOOOOOOOOOOOOOOOOOOOOOOO
OI/OI/OOI/OOI/OOI/OOI/OOI/OOI/OOI/OOI/OOI/OOI/OOO
OOOOOOOOOOOOOOOOOOOOOOOOOOOOOOOOOOOOOOOOOOOOOOOOO
OI/OI/OOI/OOI/OOI/OOI/OOI/OOI/OOI/OOOOOOOOOOOOOOO
Case #16:
OI/OOI/OOI/OOI/OOI/OOI/OOI/OOI/OOI/OOI/OOI/OOI/OO
OOOOOOOOOOOOOOOOOOOOOOOOOOOOOOOOOOOOOOOOOOOOOOOOO
OI/OI/OOI/OOI/OOI/OOI/OOI/OOI/OOI/OOI/OOI/OOI/OOO
OOOOOOOOOOOOOOOOOOOOOOOOOOOOOOOOOOOOOOOOOOOOOOOOO
OI/OI/OOI/OOI/OOI/OOI/OOI/OOI/OOI/OOI/OOI/OOI/OOO
OOOOOOOOOOOOOOOOOOOOOOOOOOOOOOOOOOOOOOOOOOOOOOOOO
OI/OI/OOI/OOI/OOI/OOI/OOI/OOI/OOI/OOI/OOI/OOI/OOO
OOOOOOOOOOOOOOOOOOOOOOOOOOOOOOOOOOOOOOOOOOOOOOOOO
OI/OI/OOI/OOI/OOI/OOI/OOI/OOI/OOI/OOOOOOOOOOOOOOO
Case #17:
OI/OOI/OOI/OOI/OOI/OOI/OOI/OOI/OOI/OOI/OOI/OOI/OO
OOOOOOOOOOOOOOOOOOOOOOOOOOOOOOOOOOOOOOOOOOOOOOOOO
OI/OI/OOI/OOI/OOI/OOI/OOI/OOI/OOI/OOI/OOI/OOI/OOO
OOOOOOOOOOOOOOOOOOOOOOOOOOOOOOOOOOOOOOOOOOOOOOOOO
OI/OI/OOI/OOI/OOI/OOI/OOI/OOI/OOI/OOI/OOI/OOI/OOO
OOOOOOOOOOOOOOOOOOOOOOOOOOOOOOOOOOOOOOOOOOOOOOOOO
OI/OI/OOI/OOI/OOI/OOI/OOI/OOI/OOI/OOI/OOI/OOI/OOO
OOOOOOOOOOOOOOOOOOOOOOOOOOOOOOOOOOOOOOOOOOOOOOOOO
OI/OI/OOI/OOI/OOI/OOI/OOI/OOI/OOI/OOI/OOI/OOI/OOO
OOOOOOOOOOOOOOOOOOOOOOOOOOOOOOOOOOOOOOOOOOOOOOOOO
OI/OI/OOI/OOI/OOI/OOI/OOI/OOI/OOI/OOI/OOI/OOI/OOO
OOOOOOOOOOOOOOOOOOOOOOOOOOOOOOOOOOOOOOOOOOOOOOOOO
OI/OI/OOI/OOI/OOI/OOI/OOI/OOI/OOI/OOI/OOI/OOI/OOO
OOOOOOOOOOOOOOOOOOOOOOOOOOOOOOOOOOOOOOOOOOOOOOOOO
OI/OI/OOI/OOI/OOI/OOI/OOI/OOI/OOI/OOI/OOI/OOI/OOO
OOOOOOOOOOOOOOOOOOOOOOOOOOOOOOOOOOOOOOOOOOOOOOOOO
OI/OI/OOI/OOI/OOI/OOI/OOI/OOI/OOI/OOI/OOI/OOI/OOO
OOOOOOOOOOOOOOOOOOOOOOOOOOOOOOOOOOOOOOOOOOOOOOOOO
OI/OI/OOI/OOI/OOI/OOI/OOI/OOI/OOI/OOI/OOI/OOI/OOO
OOOOOOOOOOOOOOOOOOOOOOOOOOOOOOOOOOOOOOOOOOOOOOOOO
OI/OI/OOI/OOI/OOI/OOI/OOI/OOI/OOI/OOI/OOI/OOI/OOO
OOOOOOOOOOOOOOOOOOOOOOOOOOOOOOOOOOOOOOOOOOOOOOOOO
OI/OI/OOI/OOI/OOI/OOI/OOI/OOI/OOI/OOI/OOI/OOI/OOO
OOOOOOOOOOOOOOOOOOOOOOOOOOOOOOOOOOOOOOOOOOOOOOOOO
OI/OI/OOI/OOI/OOI/OOI/OOI/OOI/OOI/OOI/OOI/OOI/OOO
OOOOOOOOOOOOOOOOOOOOOOOOOOOOOOOOOOOOOOOOOOOOOOOOO
OI/OI/OOI/OOI/OOI/OOI/OOI/OOI/OOI/OOI/OOI/OOI/OOO
OOOOOOOOOOOOOOOOOOOOOOOOOOOOOOOOOOOOOOOOOOOOOOOOO
OI/OI/OOI/OOI/OOI/OOI/OOI/OOI/OOI/OOI/OOI/OOI/OOO
OOOOOOOOOOOOOOOOOOOOOOOOOOOOOOOOOOOOOOOOOOOOOOOOO
OI/OI/OOI/OOI/OOI/OOI/OOI/OOI/OOI/OOI/OOI/OOI/OOO
OOOOOOOOOOOOOOOOOOOOOOOOOOOOOOOOOOOOOOOOOOOOOOOOO
OI/OI/OOI/OOI/OOI/OOI/OOI/OOI/OOI/OOI/OOI/OOI/OOO
OOOOOOOOOOOOOOOOOOOOOOOOOOOOOOOOOOOOOOOOOOOOOOOOO
OI/OI/OOI/OOI/OOI/OOI/OOI/OOI/OOI/OOI/OOI/OOI/OOO
OOOOOOOOOOOOOOOOOOOOOOOOOOOOOOOOOOOOOOOOOOOOOOOOO
OI/OI/OOI/OOI/OOI/OOI/OOI/OOI/OOI/OOI/OOI/OOI/OOO
OOOOOOOOOOOOOOOOOOOOOOOOOOOOOOOOOOOOOOOOOOOOOOOOO
OI/OI/OOI/OOI/OOI/OOI/OOI/OOI/OOI/OOI/OOI/OOI/OOO
OOOOOOOOOOOOOOOOOOOOOOOOOOOOOOOOOOOOOOOOOOOOOOOOO
OI/OI/OOI/OOI/OOI/OOI/OOI/OOI/OOI/OOI/OOI/OOI/OOO
OOOOOOOOOOOOOOOOOOOOOOOOOOOOOOOOOOOOOOOOOOOOOOOOO
OI/OI/OOI/OOOOOOOOOOOOOOOOOOOOOOOOOOOOOOOOOOOOOOO
Case #18:
OI/OOI/OOI/OOI/OOI/OOI/OOI/OOI/OOI/OOI/OOI/OOI/OO
OOOOOOOOOOOOOOOOOOOOOOOOOOOOOOOOOOOOOOOOOOOOOOOOO
OI/OI/OOI/OOI/OOI/OOI/OOI/OOI/OOI/OOI/OOI/OOI/OOO
OOOOOOOOOOOOOOOOOOOOOOOOOOOOOOOOOOOOOOOOOOOOOOOOO
OI/OI/OOI/OOI/OOI/OOI/OOI/OOI/OOI/OOI/OOI/OOI/OOO
OOOOOOOOOOOOOOOOOOOOOOOOOOOOOOOOOOOOOOOOOOOOOOOOO
OI/OI/OOI/OOI/OOI/OOI/OOI/OOI/OOI/OOI/OOI/OOI/OOO
OOOOOOOOOOOOOOOOOOOOOOOOOOOOOOOOOOOOOOOOOOOOOOOOO
OI/OI/OOI/OOI/OOI/OOI/OOI/OOI/OOI/OOI/OOI/OOI/OOO
OOOOOOOOOOOOOOOOOOOOOOOOOOOOOOOOOOOOOOOOOOOOOOOOO
OI/OI/OOI/OOI/OOI/OOI/OOI/OOI/OOI/OOI/OOI/OOI/OOO
OOOOOOOOOOOOOOOOOOOOOOOOOOOOOOOOOOOOOOOOOOOOOOOOO
OI/OI/OOI/OOI/OOI/OOI/OOI/OOI/OOI/OOI/OOI/OOI/OOO
OOOOOOOOOOOOOOOOOOOOOOOOOOOOOOOOOOOOOOOOOOOOOOOOO
OI/OI/OOI/OOI/OOI/OOI/OOI/OOI/OOI/OOI/OOI/OOI/OOO
OOOOOOOOOOOOOOOOOOOOOOOOOOOOOOOOOOOOOOOOOOOOOOOOO
OI/OI/OOI/OOI/OOI/OOI/OOI/OOI/OOI/OOI/OOI/OOI/OOO
OOOOOOOOOOOOOOOOOOOOOOOOOOOOOOOOOOOOOOOOOOOOOOOOO
OI/OI/OOI/OOI/OOI/OOI/OOI/OOI/OOI/OOI/OOI/OOI/OOO
OOOOOOOOOOOOOOOOOOOOOOOOOOOOOOOOOOOOOOOOOOOOOOOOO
OI/OI/OOI/OOI/OOI/OOI/OOI/OOI/OOI/OOI/OOI/OOI/OOO
OOOOOOOOOOOOOOOOOOOOOOOOOOOOOOOOOOOOOOOOOOOOOOOOO
OI/OI/OOI/OOI/OOI/OOI/OOI/OOI/OOI/OOI/OOI/OOI/OOO
OOOOOOOOOOOOOOOOOOOOOOOOOOOOOOOOOOOOOOOOOOOOOOOOO
OI/OI/OOI/OOI/OOI/OOI/OOI/OOI/OOI/OOI/OOI/OOI/OOO
OOOOOOOOOOOOOOOOOOOOOOOOOOOOOOOOOOOOOOOOOOOOOOOOO
OI/OI/OOI/OOI/OOI/OOI/OOI/OOI/OOI/OOI/OOI/OOI/OOO
OOOOOOOOOOOOOOOOOOOOOOOOOOOOOOOOOOOOOOOOOOOOOOOOO
OI/OI/OOI/OOI/OOI/OOI/OOI/OOI/OOI/OOI/OOI/OOI/OOO
OOOOOOOOOOOOOOOOOOOOOOOOOOOOOOOOOOOOOOOOOOOOOOOOO
OI/OI/OOI/OOI/OOI/OOI/OOI/OOI/OOI/OOI/OOI/OOI/OOO
OOOOOOOOOOOOOOOOOOOOOOOOOOOOOOOOOOOOOOOOOOOOOOOOO
OI/OI/OOI/OOI/OOI/OOI/OOI/OOI/OOI/OOOOOOOOOOOOOOO
Case #19:
OI/OOI/OOI/OOI/OOI/OOI/OOI/OOI/OOI/OOI/OOI/OOI/OO
OOOOOOOOOOOOOOOOOOOOOOOOOOOOOOOOOOOOOOOOOOOOOOOOO
OI/OI/OOI/OOI/OOI/OOI/OOI/OOI/OOI/OOI/OOI/OOI/OOO
OOOOOOOOOOOOOOOOOOOOOOOOOOOOOOOOOOOOOOOOOOOOOOOOO
OI/OI/OOI/OOI/OOI/OOI/OOI/OOI/OOI/OOI/OOI/OOI/OOO
OOOOOOOOOOOOOOOOOOOOOOOOOOOOOOOOOOOOOOOOOOOOOOOOO
OI/OI/OOI/OOI/OOI/OOI/OOI/OOI/OOI/OOI/OOI/OOI/OOO
OOOOOOOOOOOOOOOOOOOOOOOOOOOOOOOOOOOOOOOOOOOOOOOOO
OI/OI/OOI/OOI/OOI/OOI/OOI/OOI/OOI/OOI/OOI/OOI/OOO
OOOOOOOOOOOOOOOOOOOOOOOOOOOOOOOOOOOOOOOOOOOOOOOOO
OI/OI/OOI/OOI/OOI/OOI/OOI/OOI/OOI/OOI/OOI/OOI/OOO
OOOOOOOOOOOOOOOOOOOOOOOOOOOOOOOOOOOOOOOOOOOOOOOOO
OI/OI/OOI/OOI/OOI/OOI/OOI/OOI/OOI/OOI/OOI/OOI/OOO
OOOOOOOOOOOOOOOOOOOOOOOOOOOOOOOOOOOOOOOOOOOOOOOOO
OI/OI/OOI/OOI/OOI/OOI/OOI/OOI/OOI/OOI/OOI/OOI/OOO
OOOOOOOOOOOOOOOOOOOOOOOOOOOOOOOOOOOOOOOOOOOOOOOOO
OI/OI/OOI/OOI/OOI/OOI/OOI/OOI/OOI/OOI/OOI/OOI/OOO
OOOOOOOOOOOOOOOOOOOOOOOOOOOOOOOOOOOOOOOOOOOOOOOOO
OI/OI/OOI/OOI/OOI/OOI/OOI/OOI/OOI/OOI/OOI/OOI/OOO
OOOOOOOOOOOOOOOOOOOOOOOOOOOOOOOOOOOOOOOOOOOOOOOOO
OI/OI/OOI/OOI/OOI/OOI/OOI/OOI/OOI/OOI/OOI/OOI/OOO
OOOOOOOOOOOOOOOOOOOOOOOOOOOOOOOOOOOOOOOOOOOOOOOOO
OI/OI/OOI/OOI/OOI/OOI/OOI/OOI/OOI/OOI/OOI/OOI/OOO
OOOOOOOOOOOOOOOOOOOOOOOOOOOOOOOOOOOOOOOOOOOOOOOOO
OI/OI/OOI/OOI/OOI/OOI/OOI/OOI/OOI/OOI/OOI/OOI/OOO
OOOOOOOOOOOOOOOOOOOOOOOOOOOOOOOOOOOOOOOOOOOOOOOOO
OI/OI/OOI/OOI/OOI/OOI/OOI/OOI/OOI/OOI/OOI/OOI/OOO
OOOOOOOOOOOOOOOOOOOOOOOOOOOOOOOOOOOOOOOOOOOOOOOOO
OI/OI/OOI/OOI/OOI/OOI/OOI/OOI/OOI/OOI/OOI/OOI/OOO
OOOOOOOOOOOOOOOOOOOOOOOOOOOOOOOOOOOOOOOOOOOOOOOOO
OI/OI/OOI/OOI/OOI/OOI/OOI/OOI/OOI/OOI/OOI/OOI/OOO
OOOOOOOOOOOOOOOOOOOOOOOOOOOOOOOOOOOOOOOOOOOOOOOOO
OI/OI/OOI/OOI/OOI/OOI/OOI/OOI/OOI/OOI/OOI/OOI/OOO
OOOOOOOOOOOOOOOOOOOOOOOOOOOOOOOOOOOOOOOOOOOOOOOOO
OI/OI/OOI/OOI/OOI/OOI/OOI/OOI/OOI/OOI/OOI/OOI/OOO
OOOOOOOOOOOOOOOOOOOOOOOOOOOOOOOOOOOOOOOOOOOOOOOOO
OI/OI/OOI/OOI/OOI/OOI/OOI/OOI/OOI/OOI/OOI/OOI/OOO
OOOOOOOOOOOOOOOOOOOOOOOOOOOOOOOOOOOOOOOOOOOOOOOOO
OI/OI/OOI/OOI/OOI/OOI/OOI/OOI/OOI/OOI/OOI/OOI/OOO
OOOOOOOOOOOOOOOOOOOOOOOOOOOOOOOOOOOOOOOOOOOOOOOOO
OI/OI/OOI/OOI/OOI/OOI/OOI/OOI/OOI/OOI/OOI/OOI/OOO
OOOOOOOOOOOOOOOOOOOOOOOOOOOOOOOOOOOOOOOOOOOOOOOOO
OI/OI/OOI/OOI/OOI/OOI/OOI/OOI/OOI/OOI/OOI/OOI/OOO
OOOOOOOOOOOOOOOOOOOOOOOOOOOOOOOOOOOOOOOOOOOOOOOOO
OI/OI/OOI/OOI/OOI/OOI/OOI/OOI/OOI/OOI/OOI/OOI/OOO
OOOOOOOOOOOOOOOOOOOOOOOOOOOOOOOOOOOOOOOOOOOOOOOOO
OI/OI/OOI/OOI/OOI/OOI/OOI/OOI/OOI/OOI/OOOOOOOOOOO
Case #20:
OI/OOI/OOI/OOI/OOI/OOI/OOI/OOI/OOI/OOI/OOI/OOI/OO
OOOOOOOOOOOOOOOOOOOOOOOOOOOOOOOOOOOOOOOOOOOOOOOOO
OI/OI/OOI/OOI/OOI/OOI/OOI/OOI/OOI/OOI/OOI/OOI/OOO
OOOOOOOOOOOOOOOOOOOOOOOOOOOOOOOOOOOOOOOOOOOOOOOOO
OI/OI/OOI/OOI/OOI/OOI/OOI/OOI/OOI/OOI/OOI/OOI/OOO
OOOOOOOOOOOOOOOOOOOOOOOOOOOOOOOOOOOOOOOOOOOOOOOOO
OI/OI/OOI/OOI/OOI/OOI/OOI/OOI/OOI/OOI/OOI/OOI/OOO
OOOOOOOOOOOOOOOOOOOOOOOOOOOOOOOOOOOOOOOOOOOOOOOOO
OI/OI/OOI/OOI/OOI/OOI/OOI/OOI/OOI/OOI/OOI/OOI/OOO
OOOOOOOOOOOOOOOOOOOOOOOOOOOOOOOOOOOOOOOOOOOOOOOOO
OI/OI/OOI/OOI/OOI/OOI/OOI/OOI/OOI/OOI/OOI/OOI/OOO
OOOOOOOOOOOOOOOOOOOOOOOOOOOOOOOOOOOOOOOOOOOOOOOOO
OI/OI/OOI/OOI/OOI/OOI/OOI/OOI/OOI/OOI/OOI/OOI/OOO
OOOOOOOOOOOOOOOOOOOOOOOOOOOOOOOOOOOOOOOOOOOOOOOOO
OI/OI/OOI/OOI/OOI/OOI/OOI/OOI/OOI/OOI/OOI/OOI/OOO
OOOOOOOOOOOOOOOOOOOOOOOOOOOOOOOOOOOOOOOOOOOOOOOOO
OI/OI/OOI/OOI/OOI/OOI/OOI/OOI/OOI/OOI/OOI/OOI/OOO
OOOOOOOOOOOOOOOOOOOOOOOOOOOOOOOOOOOOOOOOOOOOOOOOO
OI/OI/OOI/OOI/OOI/OOI/OOI/OOI/OOI/OOI/OOI/OOI/OOO
OOOOOOOOOOOOOOOOOOOOOOOOOOOOOOOOOOOOOOOOOOOOOOOOO
OI/OI/OOI/OOI/OOOOOOOOOOOOOOOOOOOOOOOOOOOOOOOOOOO
Case #21:
OI/OOI/OOOOOOOOOOOOOOOOOOOOOOOOOOOOOOOOOOOOOOOOOO
Case #22:
OI/OOI/OOI/OOI/OOI/OOI/OOI/OOI/OOI/OOI/OOI/OOI/OO
OOOOOOOOOOOOOOOOOOOOOOOOOOOOOOOOOOOOOOOOOOOOOOOOO
OI/OI/OOI/OOI/OOI/OOI/OOI/OOI/OOI/OOI/OOI/OOI/OOO
OOOOOOOOOOOOOOOOOOOOOOOOOOOOOOOOOOOOOOOOOOOOOOOOO
OI/OI/OOI/OOI/OOI/OOI/OOI/OOI/OOI/OOI/OOI/OOI/OOO
OOOOOOOOOOOOOOOOOOOOOOOOOOOOOOOOOOOOOOOOOOOOOOOOO
OI/OI/OOI/OOI/OOI/OOI/OOI/OOI/OOI/OOI/OOI/OOI/OOO
OOOOOOOOOOOOOOOOOOOOOOOOOOOOOOOOOOOOOOOOOOOOOOOOO
OI/OI/OOI/OOI/OOI/OOI/OOI/OOI/OOI/OOI/OOI/OOI/OOO
OOOOOOOOOOOOOOOOOOOOOOOOOOOOOOOOOOOOOOOOOOOOOOOOO
OI/OI/OOI/OOI/OOI/OOI/OOI/OOI/OOI/OOI/OOI/OOI/OOO
OOOOOOOOOOOOOOOOOOOOOOOOOOOOOOOOOOOOOOOOOOOOOOOOO
OI/OI/OOI/OOI/OOI/OOI/OOI/OOI/OOI/OOI/OOI/OOI/OOO
OOOOOOOOOOOOOOOOOOOOOOOOOOOOOOOOOOOOOOOOOOOOOOOOO
OI/OI/OOI/OOI/OOI/OOI/OOI/OOI/OOOOOOOOOOOOOOOOOOO
Case #23:
OI/OOI/OOI/OOI/OOI/OOI/OOI/OOI/OOI/OOI/OOI/OOI/OO
OOOOOOOOOOOOOOOOOOOOOOOOOOOOOOOOOOOOOOOOOOOOOOOOO
OI/OI/OOI/OOI/OOI/OOI/OOI/OOI/OOI/OOI/OOI/OOI/OOO
OOOOOOOOOOOOOOOOOOOOOOOOOOOOOOOOOOOOOOOOOOOOOOOOO
OI/OI/OOI/OOI/OOI/OOI/OOI/OOI/OOI/OOI/OOI/OOI/OOO
OOOOOOOOOOOOOOOOOOOOOOOOOOOOOOOOOOOOOOOOOOOOOOOOO
OI/OI/OOI/OOI/OOI/OOI/OOI/OOI/OOI/OOI/OOI/OOI/OOO
OOOOOOOOOOOOOOOOOOOOOOOOOOOOOOOOOOOOOOOOOOOOOOOOO
OI/OI/OOI/OOI/OOI/OOI/OOI/OOI/OOI/OOI/OOI/OOI/OOO
OOOOOOOOOOOOOOOOOOOOOOOOOOOOOOOOOOOOOOOOOOOOOOOOO
OI/OI/OOI/OOI/OOI/OOI/OOI/OOI/OOI/OOI/OOI/OOI/OOO
OOOOOOOOOOOOOOOOOOOOOOOOOOOOOOOOOOOOOOOOOOOOOOOOO
OI/OI/OOI/OOI/OOI/OOI/OOI/OOI/OOI/OOI/OOI/OOI/OOO
OOOOOOOOOOOOOOOOOOOOOOOOOOOOOOOOOOOOOOOOOOOOOOOOO
OI/OI/OOI/OOI/OOI/OOI/OOI/OOI/OOI/OOI/OOI/OOI/OOO
OOOOOOOOOOOOOOOOOOOOOOOOOOOOOOOOOOOOOOOOOOOOOOOOO
OI/OI/OOI/OOI/OOI/OOI/OOI/OOI/OOI/OOI/OOI/OOI/OOO
OOOOOOOOOOOOOOOOOOOOOOOOOOOOOOOOOOOOOOOOOOOOOOOOO
OI/OI/OOI/OOI/OOI/OOI/OOI/OOI/OOI/OOI/OOI/OOI/OOO
OOOOOOOOOOOOOOOOOOOOOOOOOOOOOOOOOOOOOOOOOOOOOOOOO
OI/OI/OOI/OOI/OOI/OOI/OOI/OOI/OOI/OOI/OOI/OOI/OOO
OOOOOOOOOOOOOOOOOOOOOOOOOOOOOOOOOOOOOOOOOOOOOOOOO
OI/OI/OOI/OOI/OOI/OOI/OOI/OOI/OOI/OOI/OOI/OOI/OOO
OOOOOOOOOOOOOOOOOOOOOOOOOOOOOOOOOOOOOOOOOOOOOOOOO
OI/OI/OOI/OOI/OOI/OOI/OOI/OOI/OOI/OOI/OOI/OOI/OOO
OOOOOOOOOOOOOOOOOOOOOOOOOOOOOOOOOOOOOOOOOOOOOOOOO
OI/OI/OOI/OOI/OOI/OOI/OOI/OOI/OOI/OOI/OOI/OOI/OOO
OOOOOOOOOOOOOOOOOOOOOOOOOOOOOOOOOOOOOOOOOOOOOOOOO
OI/OI/OOI/OOI/OOI/OOI/OOI/OOI/OOI/OOI/OOI/OOI/OOO
OOOOOOOOOOOOOOOOOOOOOOOOOOOOOOOOOOOOOOOOOOOOOOOOO
OI/OI/OOI/OOI/OOI/OOI/OOI/OOI/OOI/OOI/OOI/OOI/OOO
OOOOOOOOOOOOOOOOOOOOOOOOOOOOOOOOOOOOOOOOOOOOOOOOO
OI/OI/OOI/OOI/OOI/OOI/OOI/OOI/OOI/OOI/OOI/OOI/OOO
OOOOOOOOOOOOOOOOOOOOOOOOOOOOOOOOOOOOOOOOOOOOOOOOO
OI/OI/OOI/OOI/OOI/OOI/OOI/OOI/OOI/OOI/OOI/OOI/OOO
OOOOOOOOOOOOOOOOOOOOOOOOOOOOOOOOOOOOOOOOOOOOOOOOO
OI/OI/OOI/OOI/OOI/OOI/OOI/OOI/OOI/OOI/OOI/OOI/OOO
OOOOOOOOOOOOOOOOOOOOOOOOOOOOOOOOOOOOOOOOOOOOOOOOO
OI/OI/OOI/OOI/OOI/OOI/OOI/OOI/OOI/OOI/OOI/OOI/OOO
OOOOOOOOOOOOOOOOOOOOOOOOOOOOOOOOOOOOOOOOOOOOOOOOO
OI/OI/OOI/OOI/OOI/OOI/OOI/OOI/OOI/OOI/OOI/OOI/OOO
OOOOOOOOOOOOOOOOOOOOOOOOOOOOOOOOOOOOOOOOOOOOOOOOO
OI/OI/OOI/OOI/OOI/OOI/OOI/OOI/OOI/OOI/OOI/OOI/OOO
OOOOOOOOOOOOOOOOOOOOOOOOOOOOOOOOOOOOOOOOOOOOOOOOO
OI/OI/OOI/OOI/OOI/OOI/OOI/OOI/OOI/OOI/OOI/OOI/OOO
OOOOOOOOOOOOOOOOOOOOOOOOOOOOOOOOOOOOOOOOOOOOOOOOO
OI/OI/OOI/OOI/OOI/OOI/OOI/OOI/OOI/OOI/OOI/OOOOOOO
Case #24:
OI/OOI/OOI/OOI/OOI/OOI/OOI/OOI/OOI/OOI/OOI/OOI/OO
OOOOOOOOOOOOOOOOOOOOOOOOOOOOOOOOOOOOOOOOOOOOOOOOO
OI/OI/OOI/OOI/OOI/OOI/OOI/OOI/OOI/OOI/OOI/OOI/OOO
OOOOOOOOOOOOOOOOOOOOOOOOOOOOOOOOOOOOOOOOOOOOOOOOO
OI/OI/OOI/OOI/OOI/OOI/OOI/OOI/OOI/OOI/OOI/OOI/OOO
OOOOOOOOOOOOOOOOOOOOOOOOOOOOOOOOOOOOOOOOOOOOOOOOO
OI/OI/OOI/OOI/OOI/OOI/OOI/OOI/OOI/OOI/OOI/OOI/OOO
OOOOOOOOOOOOOOOOOOOOOOOOOOOOOOOOOOOOOOOOOOOOOOOOO
OI/OI/OOI/OOI/OOI/OOI/OOI/OOI/OOI/OOI/OOI/OOI/OOO
OOOOOOOOOOOOOOOOOOOOOOOOOOOOOOOOOOOOOOOOOOOOOOOOO
OI/OI/OOI/OOI/OOI/OOI/OOI/OOI/OOI/OOI/OOI/OOI/OOO
OOOOOOOOOOOOOOOOOOOOOOOOOOOOOOOOOOOOOOOOOOOOOOOOO
OI/OI/OOI/OOI/OOI/OOI/OOI/OOI/OOI/OOI/OOI/OOI/OOO
OOOOOOOOOOOOOOOOOOOOOOOOOOOOOOOOOOOOOOOOOOOOOOOOO
OI/OI/OOI/OOI/OOI/OOI/OOI/OOI/OOI/OOI/OOI/OOI/OOO
OOOOOOOOOOOOOOOOOOOOOOOOOOOOOOOOOOOOOOOOOOOOOOOOO
OI/OI/OOI/OOI/OOI/OOI/OOI/OOI/OOI/OOI/OOI/OOI/OOO
OOOOOOOOOOOOOOOOOOOOOOOOOOOOOOOOOOOOOOOOOOOOOOOOO
OI/OI/OOI/OOI/OOI/OOI/OOI/OOI/OOI/OOI/OOI/OOI/OOO
OOOOOOOOOOOOOOOOOOOOOOOOOOOOOOOOOOOOOOOOOOOOOOOOO
OI/OI/OOI/OOI/OOI/OOI/OOI/OOI/OOI/OOI/OOI/OOI/OOO
OOOOOOOOOOOOOOOOOOOOOOOOOOOOOOOOOOOOOOOOOOOOOOOOO
OI/OI/OOI/OOI/OOI/OOI/OOI/OOI/OOI/OOI/OOI/OOOOOOO
Case #25:
OI/OOI/OOI/OOI/OOI/OOI/OOI/OOI/OOI/OOI/OOI/OOI/OO
OOOOOOOOOOOOOOOOOOOOOOOOOOOOOOOOOOOOOOOOOOOOOOOOO
OI/OI/OOI/OOI/OOI/OOI/OOI/OOI/OOI/OOI/OOI/OOI/OOO
OOOOOOOOOOOOOOOOOOOOOOOOOOOOOOOOOOOOOOOOOOOOOOOOO
OI/OI/OOI/OOI/OOI/OOI/OOI/OOI/OOI/OOI/OOI/OOI/OOO
OOOOOOOOOOOOOOOOOOOOOOOOOOOOOOOOOOOOOOOOOOOOOOOOO
OI/OI/OOI/OOI/OOI/OOI/OOI/OOI/OOI/OOI/OOI/OOI/OOO
OOOOOOOOOOOOOOOOOOOOOOOOOOOOOOOOOOOOOOOOOOOOOOOOO
OI/OI/OOI/OOI/OOI/OOI/OOI/OOI/OOI/OOI/OOI/OOI/OOO
OOOOOOOOOOOOOOOOOOOOOOOOOOOOOOOOOOOOOOOOOOOOOOOOO
OI/OI/OOI/OOI/OOI/OOI/OOI/OOI/OOI/OOI/OOI/OOI/OOO
OOOOOOOOOOOOOOOOOOOOOOOOOOOOOOOOOOOOOOOOOOOOOOOOO
OI/OI/OOI/OOI/OOI/OOI/OOI/OOI/OOI/OOI/OOI/OOI/OOO
OOOOOOOOOOOOOOOOOOOOOOOOOOOOOOOOOOOOOOOOOOOOOOOOO
OI/OI/OOI/OOI/OOI/OOI/OOI/OOI/OOI/OOI/OOI/OOI/OOO
OOOOOOOOOOOOOOOOOOOOOOOOOOOOOOOOOOOOOOOOOOOOOOOOO
OI/OI/OOI/OOI/OOI/OOI/OOI/OOI/OOI/OOI/OOI/OOI/OOO
OOOOOOOOOOOOOOOOOOOOOOOOOOOOOOOOOOOOOOOOOOOOOOOOO
OI/OI/OOI/OOI/OOI/OOI/OOI/OOI/OOI/OOI/OOI/OOI/OOO
OOOOOOOOOOOOOOOOOOOOOOOOOOOOOOOOOOOOOOOOOOOOOOOOO
OI/OI/OOI/OOI/OOI/OOI/OOI/OOI/OOI/OOI/OOI/OOI/OOO
OOOOOOOOOOOOOOOOOOOOOOOOOOOOOOOOOOOOOOOOOOOOOOOOO
OI/OI/OOI/OOI/OOI/OOI/OOI/OOI/OOI/OOI/OOI/OOI/OOO
OOOOOOOOOOOOOOOOOOOOOOOOOOOOOOOOOOOOOOOOOOOOOOOOO
OI/OI/OOI/OOI/OOI/OOI/OOI/OOI/OOI/OOI/OOOOOOOOOOO
